2024-10-01 17:18:41,228 [Worker-5: Loading available Gradle versions] INFO  o.e.b.c.i.u.g.PublishedGradleVersions - Gradle version information cache is up-to-date. Trying to read.
2024-10-01 17:20:50,522 [Worker-12: Launching mavenrun-c2c5acf0-2109-4a6f-901b-8e7d03a1369f] INFO  o.eclipse.m2e.core.internal.Bundles - getClasspathEntries(Bundle=org.eclipse.m2e.maven.runtime_3.9.700.20240602-2313 [644])
2024-10-01 17:20:50,532 [Worker-12: Launching mavenrun-c2c5acf0-2109-4a6f-901b-8e7d03a1369f] INFO  o.eclipse.m2e.core.internal.Bundles - 	Entry: C:\Users\91832\.p2\pool\plugins\org.eclipse.m2e.maven.runtime_3.9.700.20240602-2313
2024-10-01 17:20:50,533 [Worker-12: Launching mavenrun-c2c5acf0-2109-4a6f-901b-8e7d03a1369f] INFO  o.eclipse.m2e.core.internal.Bundles - 	Entry: C:\Users\91832\.p2\pool\plugins\org.eclipse.m2e.maven.runtime_3.9.700.20240602-2313\jars\aopalliance-1.0.jar
2024-10-01 17:20:50,534 [Worker-12: Launching mavenrun-c2c5acf0-2109-4a6f-901b-8e7d03a1369f] INFO  o.eclipse.m2e.core.internal.Bundles - 	Entry: C:\Users\91832\.p2\pool\plugins\org.eclipse.m2e.maven.runtime_3.9.700.20240602-2313\jars\guice-5.1.0.jar
2024-10-01 17:20:50,534 [Worker-12: Launching mavenrun-c2c5acf0-2109-4a6f-901b-8e7d03a1369f] INFO  o.eclipse.m2e.core.internal.Bundles - 	Entry: C:\Users\91832\.p2\pool\plugins\org.eclipse.m2e.maven.runtime_3.9.700.20240602-2313\jars\httpclient-4.5.14.jar
2024-10-01 17:20:50,535 [Worker-12: Launching mavenrun-c2c5acf0-2109-4a6f-901b-8e7d03a1369f] INFO  o.eclipse.m2e.core.internal.Bundles - 	Entry: C:\Users\91832\.p2\pool\plugins\org.eclipse.m2e.maven.runtime_3.9.700.20240602-2313\jars\httpcore-4.4.16.jar
2024-10-01 17:20:50,535 [Worker-12: Launching mavenrun-c2c5acf0-2109-4a6f-901b-8e7d03a1369f] INFO  o.eclipse.m2e.core.internal.Bundles - 	Entry: C:\Users\91832\.p2\pool\plugins\org.eclipse.m2e.maven.runtime_3.9.700.20240602-2313\jars\jansi-2.4.1.jar
2024-10-01 17:20:50,535 [Worker-12: Launching mavenrun-c2c5acf0-2109-4a6f-901b-8e7d03a1369f] INFO  o.eclipse.m2e.core.internal.Bundles - 	Entry: C:\Users\91832\.p2\pool\plugins\org.eclipse.m2e.maven.runtime_3.9.700.20240602-2313\jars\jcl-over-slf4j-1.7.36.jar
2024-10-01 17:20:50,536 [Worker-12: Launching mavenrun-c2c5acf0-2109-4a6f-901b-8e7d03a1369f] INFO  o.eclipse.m2e.core.internal.Bundles - 	Entry: C:\Users\91832\.p2\pool\plugins\org.eclipse.m2e.maven.runtime_3.9.700.20240602-2313\jars\maven-artifact-3.9.7.jar
2024-10-01 17:20:50,536 [Worker-12: Launching mavenrun-c2c5acf0-2109-4a6f-901b-8e7d03a1369f] INFO  o.eclipse.m2e.core.internal.Bundles - 	Entry: C:\Users\91832\.p2\pool\plugins\org.eclipse.m2e.maven.runtime_3.9.700.20240602-2313\jars\maven-builder-support-3.9.7.jar
2024-10-01 17:20:50,537 [Worker-12: Launching mavenrun-c2c5acf0-2109-4a6f-901b-8e7d03a1369f] INFO  o.eclipse.m2e.core.internal.Bundles - 	Entry: C:\Users\91832\.p2\pool\plugins\org.eclipse.m2e.maven.runtime_3.9.700.20240602-2313\jars\maven-compat-3.9.7.jar
2024-10-01 17:20:50,537 [Worker-12: Launching mavenrun-c2c5acf0-2109-4a6f-901b-8e7d03a1369f] INFO  o.eclipse.m2e.core.internal.Bundles - 	Entry: C:\Users\91832\.p2\pool\plugins\org.eclipse.m2e.maven.runtime_3.9.700.20240602-2313\jars\maven-core-3.9.7.jar
2024-10-01 17:20:50,537 [Worker-12: Launching mavenrun-c2c5acf0-2109-4a6f-901b-8e7d03a1369f] INFO  o.eclipse.m2e.core.internal.Bundles - 	Entry: C:\Users\91832\.p2\pool\plugins\org.eclipse.m2e.maven.runtime_3.9.700.20240602-2313\jars\maven-embedder-3.9.7.jar
2024-10-01 17:20:50,538 [Worker-12: Launching mavenrun-c2c5acf0-2109-4a6f-901b-8e7d03a1369f] INFO  o.eclipse.m2e.core.internal.Bundles - 	Entry: C:\Users\91832\.p2\pool\plugins\org.eclipse.m2e.maven.runtime_3.9.700.20240602-2313\jars\maven-model-3.9.7.jar
2024-10-01 17:20:50,538 [Worker-12: Launching mavenrun-c2c5acf0-2109-4a6f-901b-8e7d03a1369f] INFO  o.eclipse.m2e.core.internal.Bundles - 	Entry: C:\Users\91832\.p2\pool\plugins\org.eclipse.m2e.maven.runtime_3.9.700.20240602-2313\jars\maven-model-builder-3.9.7.jar
2024-10-01 17:20:50,539 [Worker-12: Launching mavenrun-c2c5acf0-2109-4a6f-901b-8e7d03a1369f] INFO  o.eclipse.m2e.core.internal.Bundles - 	Entry: C:\Users\91832\.p2\pool\plugins\org.eclipse.m2e.maven.runtime_3.9.700.20240602-2313\jars\maven-plugin-api-3.9.7.jar
2024-10-01 17:20:50,540 [Worker-12: Launching mavenrun-c2c5acf0-2109-4a6f-901b-8e7d03a1369f] INFO  o.eclipse.m2e.core.internal.Bundles - 	Entry: C:\Users\91832\.p2\pool\plugins\org.eclipse.m2e.maven.runtime_3.9.700.20240602-2313\jars\maven-repository-metadata-3.9.7.jar
2024-10-01 17:20:50,540 [Worker-12: Launching mavenrun-c2c5acf0-2109-4a6f-901b-8e7d03a1369f] INFO  o.eclipse.m2e.core.internal.Bundles - 	Entry: C:\Users\91832\.p2\pool\plugins\org.eclipse.m2e.maven.runtime_3.9.700.20240602-2313\jars\maven-resolver-api-1.9.20.jar
2024-10-01 17:20:50,541 [Worker-12: Launching mavenrun-c2c5acf0-2109-4a6f-901b-8e7d03a1369f] INFO  o.eclipse.m2e.core.internal.Bundles - 	Entry: C:\Users\91832\.p2\pool\plugins\org.eclipse.m2e.maven.runtime_3.9.700.20240602-2313\jars\maven-resolver-connector-basic-1.9.20.jar
2024-10-01 17:20:50,541 [Worker-12: Launching mavenrun-c2c5acf0-2109-4a6f-901b-8e7d03a1369f] INFO  o.eclipse.m2e.core.internal.Bundles - 	Entry: C:\Users\91832\.p2\pool\plugins\org.eclipse.m2e.maven.runtime_3.9.700.20240602-2313\jars\maven-resolver-impl-1.9.20.jar
2024-10-01 17:20:50,542 [Worker-12: Launching mavenrun-c2c5acf0-2109-4a6f-901b-8e7d03a1369f] INFO  o.eclipse.m2e.core.internal.Bundles - 	Entry: C:\Users\91832\.p2\pool\plugins\org.eclipse.m2e.maven.runtime_3.9.700.20240602-2313\jars\maven-resolver-named-locks-1.9.20.jar
2024-10-01 17:20:50,543 [Worker-12: Launching mavenrun-c2c5acf0-2109-4a6f-901b-8e7d03a1369f] INFO  o.eclipse.m2e.core.internal.Bundles - 	Entry: C:\Users\91832\.p2\pool\plugins\org.eclipse.m2e.maven.runtime_3.9.700.20240602-2313\jars\maven-resolver-provider-3.9.7.jar
2024-10-01 17:20:50,543 [Worker-12: Launching mavenrun-c2c5acf0-2109-4a6f-901b-8e7d03a1369f] INFO  o.eclipse.m2e.core.internal.Bundles - 	Entry: C:\Users\91832\.p2\pool\plugins\org.eclipse.m2e.maven.runtime_3.9.700.20240602-2313\jars\maven-resolver-spi-1.9.20.jar
2024-10-01 17:20:50,544 [Worker-12: Launching mavenrun-c2c5acf0-2109-4a6f-901b-8e7d03a1369f] INFO  o.eclipse.m2e.core.internal.Bundles - 	Entry: C:\Users\91832\.p2\pool\plugins\org.eclipse.m2e.maven.runtime_3.9.700.20240602-2313\jars\maven-resolver-transport-file-1.9.20.jar
2024-10-01 17:20:50,544 [Worker-12: Launching mavenrun-c2c5acf0-2109-4a6f-901b-8e7d03a1369f] INFO  o.eclipse.m2e.core.internal.Bundles - 	Entry: C:\Users\91832\.p2\pool\plugins\org.eclipse.m2e.maven.runtime_3.9.700.20240602-2313\jars\maven-resolver-transport-http-1.9.20.jar
2024-10-01 17:20:50,544 [Worker-12: Launching mavenrun-c2c5acf0-2109-4a6f-901b-8e7d03a1369f] INFO  o.eclipse.m2e.core.internal.Bundles - 	Entry: C:\Users\91832\.p2\pool\plugins\org.eclipse.m2e.maven.runtime_3.9.700.20240602-2313\jars\maven-resolver-transport-wagon-1.9.20.jar
2024-10-01 17:20:50,545 [Worker-12: Launching mavenrun-c2c5acf0-2109-4a6f-901b-8e7d03a1369f] INFO  o.eclipse.m2e.core.internal.Bundles - 	Entry: C:\Users\91832\.p2\pool\plugins\org.eclipse.m2e.maven.runtime_3.9.700.20240602-2313\jars\maven-resolver-util-1.9.20.jar
2024-10-01 17:20:50,545 [Worker-12: Launching mavenrun-c2c5acf0-2109-4a6f-901b-8e7d03a1369f] INFO  o.eclipse.m2e.core.internal.Bundles - 	Entry: C:\Users\91832\.p2\pool\plugins\org.eclipse.m2e.maven.runtime_3.9.700.20240602-2313\jars\maven-settings-3.9.7.jar
2024-10-01 17:20:50,545 [Worker-12: Launching mavenrun-c2c5acf0-2109-4a6f-901b-8e7d03a1369f] INFO  o.eclipse.m2e.core.internal.Bundles - 	Entry: C:\Users\91832\.p2\pool\plugins\org.eclipse.m2e.maven.runtime_3.9.700.20240602-2313\jars\maven-settings-builder-3.9.7.jar
2024-10-01 17:20:50,546 [Worker-12: Launching mavenrun-c2c5acf0-2109-4a6f-901b-8e7d03a1369f] INFO  o.eclipse.m2e.core.internal.Bundles - 	Entry: C:\Users\91832\.p2\pool\plugins\org.eclipse.m2e.maven.runtime_3.9.700.20240602-2313\jars\maven-shared-utils-3.4.2.jar
2024-10-01 17:20:50,546 [Worker-12: Launching mavenrun-c2c5acf0-2109-4a6f-901b-8e7d03a1369f] INFO  o.eclipse.m2e.core.internal.Bundles - 	Entry: C:\Users\91832\.p2\pool\plugins\org.eclipse.m2e.maven.runtime_3.9.700.20240602-2313\jars\org.eclipse.sisu.inject-0.9.0.M2.jar
2024-10-01 17:20:50,547 [Worker-12: Launching mavenrun-c2c5acf0-2109-4a6f-901b-8e7d03a1369f] INFO  o.eclipse.m2e.core.internal.Bundles - 	Entry: C:\Users\91832\.p2\pool\plugins\org.eclipse.m2e.maven.runtime_3.9.700.20240602-2313\jars\org.eclipse.sisu.plexus-0.9.0.M2.jar
2024-10-01 17:20:50,547 [Worker-12: Launching mavenrun-c2c5acf0-2109-4a6f-901b-8e7d03a1369f] INFO  o.eclipse.m2e.core.internal.Bundles - 	Entry: C:\Users\91832\.p2\pool\plugins\org.eclipse.m2e.maven.runtime_3.9.700.20240602-2313\jars\plexus-build-api-0.0.7.jar
2024-10-01 17:20:50,548 [Worker-12: Launching mavenrun-c2c5acf0-2109-4a6f-901b-8e7d03a1369f] INFO  o.eclipse.m2e.core.internal.Bundles - 	Entry: C:\Users\91832\.p2\pool\plugins\org.eclipse.m2e.maven.runtime_3.9.700.20240602-2313\jars\plexus-build-api-1.2.0.jar
2024-10-01 17:20:50,548 [Worker-12: Launching mavenrun-c2c5acf0-2109-4a6f-901b-8e7d03a1369f] INFO  o.eclipse.m2e.core.internal.Bundles - 	Entry: C:\Users\91832\.p2\pool\plugins\org.eclipse.m2e.maven.runtime_3.9.700.20240602-2313\jars\plexus-cipher-2.0.jar
2024-10-01 17:20:50,549 [Worker-12: Launching mavenrun-c2c5acf0-2109-4a6f-901b-8e7d03a1369f] INFO  o.eclipse.m2e.core.internal.Bundles - 	Entry: C:\Users\91832\.p2\pool\plugins\org.eclipse.m2e.maven.runtime_3.9.700.20240602-2313\jars\plexus-classworlds-2.8.0.jar
2024-10-01 17:20:50,549 [Worker-12: Launching mavenrun-c2c5acf0-2109-4a6f-901b-8e7d03a1369f] INFO  o.eclipse.m2e.core.internal.Bundles - 	Entry: C:\Users\91832\.p2\pool\plugins\org.eclipse.m2e.maven.runtime_3.9.700.20240602-2313\jars\plexus-component-annotations-2.1.0.jar
2024-10-01 17:20:50,550 [Worker-12: Launching mavenrun-c2c5acf0-2109-4a6f-901b-8e7d03a1369f] INFO  o.eclipse.m2e.core.internal.Bundles - 	Entry: C:\Users\91832\.p2\pool\plugins\org.eclipse.m2e.maven.runtime_3.9.700.20240602-2313\jars\plexus-interpolation-1.27.jar
2024-10-01 17:20:50,550 [Worker-12: Launching mavenrun-c2c5acf0-2109-4a6f-901b-8e7d03a1369f] INFO  o.eclipse.m2e.core.internal.Bundles - 	Entry: C:\Users\91832\.p2\pool\plugins\org.eclipse.m2e.maven.runtime_3.9.700.20240602-2313\jars\plexus-sec-dispatcher-2.0.jar
2024-10-01 17:20:50,551 [Worker-12: Launching mavenrun-c2c5acf0-2109-4a6f-901b-8e7d03a1369f] INFO  o.eclipse.m2e.core.internal.Bundles - 	Entry: C:\Users\91832\.p2\pool\plugins\org.eclipse.m2e.maven.runtime_3.9.700.20240602-2313\jars\plexus-utils-3.5.1.jar
2024-10-01 17:20:50,551 [Worker-12: Launching mavenrun-c2c5acf0-2109-4a6f-901b-8e7d03a1369f] INFO  o.eclipse.m2e.core.internal.Bundles - 	Entry: C:\Users\91832\.p2\pool\plugins\org.eclipse.m2e.maven.runtime_3.9.700.20240602-2313\jars\wagon-file-3.5.3.jar
2024-10-01 17:20:50,551 [Worker-12: Launching mavenrun-c2c5acf0-2109-4a6f-901b-8e7d03a1369f] INFO  o.eclipse.m2e.core.internal.Bundles - 	Entry: C:\Users\91832\.p2\pool\plugins\org.eclipse.m2e.maven.runtime_3.9.700.20240602-2313\jars\wagon-http-3.5.3.jar
2024-10-01 17:20:50,551 [Worker-12: Launching mavenrun-c2c5acf0-2109-4a6f-901b-8e7d03a1369f] INFO  o.eclipse.m2e.core.internal.Bundles - 	Entry: C:\Users\91832\.p2\pool\plugins\org.eclipse.m2e.maven.runtime_3.9.700.20240602-2313\jars\wagon-http-shared-3.5.3.jar
2024-10-01 17:20:50,553 [Worker-12: Launching mavenrun-c2c5acf0-2109-4a6f-901b-8e7d03a1369f] INFO  o.eclipse.m2e.core.internal.Bundles - 	Entry: C:\Users\91832\.p2\pool\plugins\org.eclipse.m2e.maven.runtime_3.9.700.20240602-2313\jars\wagon-provider-api-3.5.3.jar
2024-10-01 17:20:50,557 [Worker-12: Launching mavenrun-c2c5acf0-2109-4a6f-901b-8e7d03a1369f] INFO  o.eclipse.m2e.core.internal.Bundles - getClasspathEntries(Bundle=com.google.guava_33.2.0.jre [16])
2024-10-01 17:20:50,560 [Worker-12: Launching mavenrun-c2c5acf0-2109-4a6f-901b-8e7d03a1369f] INFO  o.eclipse.m2e.core.internal.Bundles - 	Entry: C:\Users\91832\.p2\pool\plugins\com.google.guava_33.2.0.jre.jar
2024-10-01 17:20:50,560 [Worker-12: Launching mavenrun-c2c5acf0-2109-4a6f-901b-8e7d03a1369f] INFO  o.eclipse.m2e.core.internal.Bundles - getClasspathEntries(Bundle=slf4j.api_2.0.16 [1009])
2024-10-01 17:20:50,561 [Worker-12: Launching mavenrun-c2c5acf0-2109-4a6f-901b-8e7d03a1369f] INFO  o.eclipse.m2e.core.internal.Bundles - 	Entry: C:\Users\91832\.p2\pool\plugins\slf4j.api_2.0.16.jar
2024-10-01 17:20:50,561 [Worker-12: Launching mavenrun-c2c5acf0-2109-4a6f-901b-8e7d03a1369f] INFO  o.eclipse.m2e.core.internal.Bundles - getClasspathEntries(Bundle=jakarta.inject.jakarta.inject-api_1.0.5 [33])
2024-10-01 17:20:50,562 [Worker-12: Launching mavenrun-c2c5acf0-2109-4a6f-901b-8e7d03a1369f] INFO  o.eclipse.m2e.core.internal.Bundles - 	Entry: C:\Users\91832\.p2\pool\plugins\jakarta.inject.jakarta.inject-api_1.0.5.jar
2024-10-01 17:20:50,562 [Worker-12: Launching mavenrun-c2c5acf0-2109-4a6f-901b-8e7d03a1369f] INFO  o.eclipse.m2e.core.internal.Bundles - getClasspathEntries(Bundle=javax.annotation_1.3.5.v20200909-1856 [44])
2024-10-01 17:20:50,563 [Worker-12: Launching mavenrun-c2c5acf0-2109-4a6f-901b-8e7d03a1369f] INFO  o.eclipse.m2e.core.internal.Bundles - 	Entry: C:\Users\91832\.p2\pool\plugins\javax.annotation_1.3.5.v20200909-1856.jar
2024-10-01 17:20:50,563 [Worker-12: Launching mavenrun-c2c5acf0-2109-4a6f-901b-8e7d03a1369f] INFO  o.eclipse.m2e.core.internal.Bundles - getClasspathEntries(Bundle=org.apache.commons.cli_1.8.0 [78])
2024-10-01 17:20:50,565 [Worker-12: Launching mavenrun-c2c5acf0-2109-4a6f-901b-8e7d03a1369f] INFO  o.eclipse.m2e.core.internal.Bundles - 	Entry: C:\Users\91832\.p2\pool\plugins\org.apache.commons.cli_1.8.0.jar
2024-10-01 17:20:50,565 [Worker-12: Launching mavenrun-c2c5acf0-2109-4a6f-901b-8e7d03a1369f] INFO  o.eclipse.m2e.core.internal.Bundles - getClasspathEntries(Bundle=org.apache.commons.commons-codec_1.16.0 [81])
2024-10-01 17:20:50,566 [Worker-12: Launching mavenrun-c2c5acf0-2109-4a6f-901b-8e7d03a1369f] INFO  o.eclipse.m2e.core.internal.Bundles - 	Entry: C:\Users\91832\.p2\pool\plugins\org.apache.commons.commons-codec_1.16.0.jar
2024-10-01 17:20:50,566 [Worker-12: Launching mavenrun-c2c5acf0-2109-4a6f-901b-8e7d03a1369f] INFO  o.eclipse.m2e.core.internal.Bundles - getClasspathEntries(Bundle=org.apache.commons.lang3_3.14.0 [89])
2024-10-01 17:20:50,567 [Worker-12: Launching mavenrun-c2c5acf0-2109-4a6f-901b-8e7d03a1369f] INFO  o.eclipse.m2e.core.internal.Bundles - 	Entry: C:\Users\91832\.p2\pool\plugins\org.apache.commons.lang3_3.14.0.jar
2024-10-01 17:20:50,567 [Worker-12: Launching mavenrun-c2c5acf0-2109-4a6f-901b-8e7d03a1369f] INFO  o.eclipse.m2e.core.internal.Bundles - getClasspathEntries(Bundle=com.google.guava.failureaccess_1.0.2 [17])
2024-10-01 17:20:50,568 [Worker-12: Launching mavenrun-c2c5acf0-2109-4a6f-901b-8e7d03a1369f] INFO  o.eclipse.m2e.core.internal.Bundles - 	Entry: C:\Users\91832\.p2\pool\plugins\com.google.guava.failureaccess_1.0.2.jar
2024-10-01 17:20:50,590 [Worker-12: Launching mavenrun-c2c5acf0-2109-4a6f-901b-8e7d03a1369f] INFO  o.e.m.i.launch.MavenLaunchDelegate - Run build in "C:\Users\91832\AppData\Local\Temp\m2e-archetypeGenerator256520247142929671":
2024-10-01 17:20:50,601 [Worker-12: Launching mavenrun-c2c5acf0-2109-4a6f-901b-8e7d03a1369f] INFO  o.e.m.i.launch.MavenLaunchDelegate -  mvn  -DarchetypeGroupId=org.apache.maven.archetypes -DarchetypeArtifactId=maven-archetype-webapp -DarchetypeVersion=1.5 -DgroupId=com.qsp -DartifactId=Servlet_Programs -Dversion=0.0.1-SNAPSHOT -Dpackage=com.qsp.Servlet_Programs -DoutputDirectory=C:\Users\91832\Desktop\Servlet -Dstyle.color=always -U archetype:generate
2024-10-01 17:21:34,404 [Worker-4: Creating maven-archetype-webapp] INFO  o.e.m.c.i.p.ProjectConfigurationManager - Collecting project info '/pom.xml' C:\Users\91832\Desktop\Servlet\Servlet_Programs\pom.xml
2024-10-01 17:21:37,178 [Worker-4: Creating maven-archetype-webapp] INFO  o.e.m.c.i.l.LifecycleMappingFactory - Using org.maven.ide.eclipse.wtp.WarLifecycleMapping lifecycle mapping for MavenProject: com.qsp:Servlet_Programs:0.0.1-SNAPSHOT @ C:\Users\91832\Desktop\Servlet\Servlet_Programs\pom.xml.
2024-10-01 17:21:41,601 [Worker-4: Creating maven-archetype-webapp] INFO  o.e.m.j.i.AbstractJavaProjectConfigurator - Adding source folder /Servlet_Programs/src/main/java
2024-10-01 17:21:41,605 [Worker-4: Creating maven-archetype-webapp] INFO  o.e.m.j.i.AbstractJavaProjectConfigurator - Adding resource folder /Servlet_Programs/src/main/resources
2024-10-01 17:21:41,608 [Worker-4: Creating maven-archetype-webapp] INFO  o.e.m.j.i.AbstractJavaProjectConfigurator - Adding source folder /Servlet_Programs/src/test/java
2024-10-01 17:21:41,610 [Worker-4: Creating maven-archetype-webapp] INFO  o.e.m.j.i.AbstractJavaProjectConfigurator - Adding resource folder /Servlet_Programs/src/test/resources
2024-10-01 17:21:45,150 [Worker-4: Creating maven-archetype-webapp] INFO  o.e.m.c.i.p.ProjectConfigurationManager - Imported and configured 1 project(s) in 10 sec
2024-10-01 17:21:46,508 [Worker-32: Building] INFO  o.a.m.s.f.DefaultMavenResourcesFiltering - skip non existing resourceDirectory C:\Users\91832\Desktop\Servlet\Servlet_Programs\src\main\resources
2024-10-01 17:21:46,522 [Worker-32: Building] INFO  o.a.m.s.f.DefaultMavenResourcesFiltering - skip non existing resourceDirectory C:\Users\91832\Desktop\Servlet\Servlet_Programs\src\test\resources
2024-10-01 17:23:15,007 [Worker-13: Building] INFO  o.a.m.s.f.DefaultMavenResourcesFiltering - Copying 0 resource from src\main\resources to target\classes
2024-10-01 17:23:15,015 [Worker-13: Building] INFO  o.a.m.s.f.DefaultMavenResourcesFiltering - Copying 0 resource from src\test\resources to target\test-classes
2024-10-01 17:25:37,924 [Worker-1: Building] INFO  o.a.m.s.f.DefaultMavenResourcesFiltering - Copying 0 resource from src\main\resources to target\classes
2024-10-01 17:25:37,935 [Worker-1: Building] INFO  o.a.m.s.f.DefaultMavenResourcesFiltering - Copying 0 resource from src\test\resources to target\test-classes
2024-10-01 17:25:52,385 [Worker-4: Building] INFO  o.a.m.s.f.DefaultMavenResourcesFiltering - Copying 0 resource from src\main\resources to target\classes
2024-10-01 17:25:52,392 [Worker-4: Building] INFO  o.a.m.s.f.DefaultMavenResourcesFiltering - Copying 0 resource from src\test\resources to target\test-classes
2024-10-01 17:26:09,222 [Worker-12: Building] INFO  o.a.m.s.f.DefaultMavenResourcesFiltering - Copying 0 resource from src\main\resources to target\classes
2024-10-01 17:26:09,231 [Worker-12: Building] INFO  o.a.m.s.f.DefaultMavenResourcesFiltering - Copying 0 resource from src\test\resources to target\test-classes
2024-10-01 17:26:21,668 [Worker-26: Building] INFO  o.a.m.s.f.DefaultMavenResourcesFiltering - Copying 0 resource from src\main\resources to target\classes
2024-10-01 17:26:21,677 [Worker-26: Building] INFO  o.a.m.s.f.DefaultMavenResourcesFiltering - Copying 0 resource from src\test\resources to target\test-classes
2024-10-01 17:27:21,777 [Worker-32: Building] INFO  o.a.m.s.f.DefaultMavenResourcesFiltering - Copying 0 resource from src\main\resources to target\classes
2024-10-01 17:27:21,788 [Worker-32: Building] INFO  o.a.m.s.f.DefaultMavenResourcesFiltering - Copying 0 resource from src\test\resources to target\test-classes
2024-10-01 17:30:21,154 [Worker-13: Building] INFO  o.e.m.c.i.l.LifecycleMappingFactory - Using org.maven.ide.eclipse.wtp.WarLifecycleMapping lifecycle mapping for MavenProject: com.qsp:Servlet_Programs:0.0.1-SNAPSHOT @ C:\Users\91832\Desktop\Servlet\Servlet_Programs\pom.xml.
2024-10-01 17:30:21,751 [Worker-13: Building] INFO  o.a.m.s.f.DefaultMavenResourcesFiltering - Copying 0 resource from src\main\resources to target\classes
2024-10-01 17:30:21,760 [Worker-13: Building] INFO  o.a.m.s.f.DefaultMavenResourcesFiltering - Copying 0 resource from src\test\resources to target\test-classes
2024-10-01 17:30:21,762 [Worker-13: Building] INFO  o.e.m.w.i.f.ResourceFilteringBuildParticipant - Changed resources require a complete clean of filtered resources of Servlet_Programs
2024-10-01 17:30:21,768 [Worker-13: Building] INFO  o.e.m.w.i.f.ResourceFilteringBuildParticipant - Executing resource filtering for Servlet_Programs
2024-10-01 17:41:12,590 [Worker-34: Building] INFO  o.a.m.s.f.DefaultMavenResourcesFiltering - Copying 0 resource from src\main\resources to target\classes
2024-10-01 17:41:12,598 [Worker-34: Building] INFO  o.a.m.s.f.DefaultMavenResourcesFiltering - Copying 0 resource from src\test\resources to target\test-classes
2024-10-01 17:41:30,324 [Worker-37: Building] INFO  o.a.m.s.f.DefaultMavenResourcesFiltering - Copying 0 resource from src\main\resources to target\classes
2024-10-01 17:41:30,331 [Worker-37: Building] INFO  o.a.m.s.f.DefaultMavenResourcesFiltering - Copying 0 resource from src\test\resources to target\test-classes
2024-10-01 17:48:37,915 [Worker-44: Building] INFO  o.a.m.s.f.DefaultMavenResourcesFiltering - Copying 0 resource from src\main\resources to target\classes
2024-10-01 17:48:37,924 [Worker-44: Building] INFO  o.a.m.s.f.DefaultMavenResourcesFiltering - Copying 0 resource from src\test\resources to target\test-classes
2024-10-01 19:00:28,732 [Worker-2: Loading available Gradle versions] INFO  o.e.b.c.i.u.g.PublishedGradleVersions - Gradle version information cache is up-to-date. Trying to read.
2024-10-01 19:02:41,658 [Worker-9: Building] INFO  o.a.m.s.f.DefaultMavenResourcesFiltering - Copying 0 resource from src\main\resources to target\classes
2024-10-01 19:02:41,686 [Worker-9: Building] INFO  o.a.m.s.f.DefaultMavenResourcesFiltering - Copying 0 resource from src\test\resources to target\test-classes
2024-10-01 19:02:44,078 [Worker-31: Building] INFO  o.a.m.s.f.DefaultMavenResourcesFiltering - Copying 0 resource from src\main\resources to target\classes
2024-10-01 19:02:44,087 [Worker-31: Building] INFO  o.a.m.s.f.DefaultMavenResourcesFiltering - Copying 0 resource from src\test\resources to target\test-classes
2024-10-01 19:10:45,525 [Worker-34: Building] INFO  o.a.m.s.f.DefaultMavenResourcesFiltering - Copying 0 resource from src\main\resources to target\classes
2024-10-01 19:10:45,534 [Worker-34: Building] INFO  o.a.m.s.f.DefaultMavenResourcesFiltering - Copying 0 resource from src\test\resources to target\test-classes
2024-10-01 19:10:57,479 [Worker-32: Building] INFO  o.a.m.s.f.DefaultMavenResourcesFiltering - Copying 0 resource from src\main\resources to target\classes
2024-10-01 19:10:57,487 [Worker-32: Building] INFO  o.a.m.s.f.DefaultMavenResourcesFiltering - Copying 0 resource from src\test\resources to target\test-classes
2024-10-01 19:15:28,893 [Worker-7: Building] INFO  o.a.m.s.f.DefaultMavenResourcesFiltering - Copying 0 resource from src\main\resources to target\classes
2024-10-01 19:15:28,899 [Worker-7: Building] INFO  o.a.m.s.f.DefaultMavenResourcesFiltering - Copying 0 resource from src\test\resources to target\test-classes
2024-10-01 19:21:29,415 [Worker-37: Building] INFO  o.a.m.s.f.DefaultMavenResourcesFiltering - Copying 0 resource from src\main\resources to target\classes
2024-10-01 19:21:29,420 [Worker-37: Building] INFO  o.a.m.s.f.DefaultMavenResourcesFiltering - Copying 0 resource from src\test\resources to target\test-classes
2024-10-01 19:21:38,421 [Worker-38: Building] INFO  o.a.m.s.f.DefaultMavenResourcesFiltering - Copying 0 resource from src\main\resources to target\classes
2024-10-01 19:21:38,425 [Worker-38: Building] INFO  o.a.m.s.f.DefaultMavenResourcesFiltering - Copying 0 resource from src\test\resources to target\test-classes
2024-10-01 19:22:17,799 [Worker-39: Building] INFO  o.a.m.s.f.DefaultMavenResourcesFiltering - Copying 0 resource from src\main\resources to target\classes
2024-10-01 19:22:17,804 [Worker-39: Building] INFO  o.a.m.s.f.DefaultMavenResourcesFiltering - Copying 0 resource from src\test\resources to target\test-classes
2024-10-01 19:23:18,403 [Worker-36: Building] INFO  o.a.m.s.f.DefaultMavenResourcesFiltering - Copying 0 resource from src\main\resources to target\classes
2024-10-01 19:23:18,406 [Worker-36: Building] INFO  o.a.m.s.f.DefaultMavenResourcesFiltering - Copying 0 resource from src\test\resources to target\test-classes
2024-10-01 19:24:40,845 [Worker-41: Building] INFO  o.a.m.s.f.DefaultMavenResourcesFiltering - Copying 0 resource from src\main\resources to target\classes
2024-10-01 19:24:40,849 [Worker-41: Building] INFO  o.a.m.s.f.DefaultMavenResourcesFiltering - Copying 0 resource from src\test\resources to target\test-classes
2024-10-01 19:24:47,850 [Worker-37: Building] INFO  o.a.m.s.f.DefaultMavenResourcesFiltering - Copying 0 resource from src\main\resources to target\classes
2024-10-01 19:24:47,855 [Worker-37: Building] INFO  o.a.m.s.f.DefaultMavenResourcesFiltering - Copying 0 resource from src\test\resources to target\test-classes
2024-10-01 19:25:43,688 [Worker-7: Building] INFO  o.a.m.s.f.DefaultMavenResourcesFiltering - Copying 0 resource from src\main\resources to target\classes
2024-10-01 19:25:43,692 [Worker-7: Building] INFO  o.a.m.s.f.DefaultMavenResourcesFiltering - Copying 0 resource from src\test\resources to target\test-classes
2024-10-01 19:26:12,270 [Worker-37: Building] INFO  o.a.m.s.f.DefaultMavenResourcesFiltering - Copying 0 resource from src\main\resources to target\classes
2024-10-01 19:26:12,274 [Worker-37: Building] INFO  o.a.m.s.f.DefaultMavenResourcesFiltering - Copying 0 resource from src\test\resources to target\test-classes
2024-10-01 19:26:17,991 [Worker-7: Building] INFO  o.a.m.s.f.DefaultMavenResourcesFiltering - Copying 0 resource from src\main\resources to target\classes
2024-10-01 19:26:17,995 [Worker-7: Building] INFO  o.a.m.s.f.DefaultMavenResourcesFiltering - Copying 0 resource from src\test\resources to target\test-classes
2024-10-01 19:32:52,857 [Worker-43: Building] INFO  o.a.m.s.f.DefaultMavenResourcesFiltering - Copying 0 resource from src\main\resources to target\classes
2024-10-01 19:32:52,861 [Worker-43: Building] INFO  o.a.m.s.f.DefaultMavenResourcesFiltering - Copying 0 resource from src\test\resources to target\test-classes
2024-10-01 19:33:36,687 [Worker-40: Building] INFO  o.a.m.s.f.DefaultMavenResourcesFiltering - Copying 0 resource from src\main\resources to target\classes
2024-10-01 19:33:36,690 [Worker-40: Building] INFO  o.a.m.s.f.DefaultMavenResourcesFiltering - Copying 0 resource from src\test\resources to target\test-classes
2024-10-01 19:34:31,110 [Worker-44: Building] INFO  o.a.m.s.f.DefaultMavenResourcesFiltering - Copying 0 resource from src\main\resources to target\classes
2024-10-01 19:34:31,118 [Worker-44: Building] INFO  o.a.m.s.f.DefaultMavenResourcesFiltering - Copying 0 resource from src\test\resources to target\test-classes
2024-10-01 19:40:40,818 [Worker-48: Building] INFO  o.a.m.s.f.DefaultMavenResourcesFiltering - Copying 0 resource from src\main\resources to target\classes
2024-10-01 19:40:40,825 [Worker-48: Building] INFO  o.a.m.s.f.DefaultMavenResourcesFiltering - Copying 0 resource from src\test\resources to target\test-classes
2024-10-01 19:40:48,238 [Worker-49: Building] INFO  o.a.m.s.f.DefaultMavenResourcesFiltering - Copying 0 resource from src\main\resources to target\classes
2024-10-01 19:40:48,242 [Worker-49: Building] INFO  o.a.m.s.f.DefaultMavenResourcesFiltering - Copying 0 resource from src\test\resources to target\test-classes
2024-10-01 19:41:24,445 [Worker-45: Building] INFO  o.a.m.s.f.DefaultMavenResourcesFiltering - Copying 0 resource from src\main\resources to target\classes
2024-10-01 19:41:24,449 [Worker-45: Building] INFO  o.a.m.s.f.DefaultMavenResourcesFiltering - Copying 0 resource from src\test\resources to target\test-classes
2024-10-01 19:42:02,290 [Worker-49: Building] INFO  o.a.m.s.f.DefaultMavenResourcesFiltering - Copying 0 resource from src\main\resources to target\classes
2024-10-01 19:42:02,296 [Worker-49: Building] INFO  o.a.m.s.f.DefaultMavenResourcesFiltering - Copying 0 resource from src\test\resources to target\test-classes
2024-10-01 19:42:14,188 [Worker-45: Building] INFO  o.a.m.s.f.DefaultMavenResourcesFiltering - Copying 0 resource from src\main\resources to target\classes
2024-10-01 19:42:14,195 [Worker-45: Building] INFO  o.a.m.s.f.DefaultMavenResourcesFiltering - Copying 0 resource from src\test\resources to target\test-classes
2024-10-01 19:47:46,254 [Worker-51: Building] INFO  o.a.m.s.f.DefaultMavenResourcesFiltering - Copying 0 resource from src\main\resources to target\classes
2024-10-01 19:47:46,260 [Worker-51: Building] INFO  o.a.m.s.f.DefaultMavenResourcesFiltering - Copying 0 resource from src\test\resources to target\test-classes
2024-10-01 19:48:02,546 [Worker-40: Building] INFO  o.a.m.s.f.DefaultMavenResourcesFiltering - Copying 0 resource from src\main\resources to target\classes
2024-10-01 19:48:02,549 [Worker-40: Building] INFO  o.a.m.s.f.DefaultMavenResourcesFiltering - Copying 0 resource from src\test\resources to target\test-classes
2024-10-01 19:55:48,930 [Worker-51: Building] INFO  o.a.m.s.f.DefaultMavenResourcesFiltering - Copying 0 resource from src\main\resources to target\classes
2024-10-01 19:55:48,935 [Worker-51: Building] INFO  o.a.m.s.f.DefaultMavenResourcesFiltering - Copying 0 resource from src\test\resources to target\test-classes
2024-10-01 20:08:14,364 [Worker-58: Git Repository Change Scanner] WARN  org.eclipse.jgit.lib.Repository - close() called when useCnt is already zero for Repository[C:\Users\91832\Desktop\Servlet\Servlet_Programs\.git]
2024-10-01 20:17:06,870 [Worker-55: Building] INFO  o.a.m.s.f.DefaultMavenResourcesFiltering - Copying 0 resource from src\main\resources to target\classes
2024-10-01 20:17:06,873 [Worker-55: Building] INFO  o.a.m.s.f.DefaultMavenResourcesFiltering - Copying 0 resource from src\test\resources to target\test-classes
2024-10-01 20:30:18,113 [Worker-66: Building] INFO  o.a.m.s.f.DefaultMavenResourcesFiltering - Copying 0 resource from src\main\resources to target\classes
2024-10-01 20:30:18,126 [Worker-66: Building] INFO  o.a.m.s.f.DefaultMavenResourcesFiltering - Copying 0 resource from src\test\resources to target\test-classes
2024-10-01 20:37:00,698 [Worker-71: Building] INFO  o.a.m.s.f.DefaultMavenResourcesFiltering - Copying 0 resource from src\main\resources to target\classes
2024-10-01 20:37:00,709 [Worker-71: Building] INFO  o.a.m.s.f.DefaultMavenResourcesFiltering - Copying 0 resource from src\test\resources to target\test-classes
